<?xml version="1.0" encoding="UTF-8"?>
<!-- Generated by org.testng.reporters.JUnitXMLReporter -->
<testsuite hostname="PTALPALL-LAP" ignored="0" name="The Amazon Login Test" tests="1" failures="1" timestamp="16 Aug 2020 19:06:28 GMT" time="4.458" errors="0">
  <testcase name="loginTestNew" time="0.009" classname="com.amzn.TestCases.LoginTest">
    <failure type="java.lang.NullPointerException" message="null value in entry: url=null">
      <![CDATA[java.lang.NullPointerException: null value in entry: url=null
at com.google.common.collect.CollectPreconditions.checkEntryNotNull(CollectPreconditions.java:32)
at com.google.common.collect.SingletonImmutableBiMap.<init>(SingletonImmutableBiMap.java:42)
at com.google.common.collect.ImmutableBiMap.of(ImmutableBiMap.java:72)
at com.google.common.collect.ImmutableMap.of(ImmutableMap.java:124)
at org.openqa.selenium.remote.RemoteWebDriver.get(RemoteWebDriver.java:325)
at org.openqa.selenium.remote.RemoteWebDriver$RemoteNavigation.to(RemoteWebDriver.java:912)
at com.amzn.utils.DriverUtils.navigateToURL(DriverUtils.java:9)
at com.amzn.pages.LoginPage.doLogin(LoginPage.java:32)
at com.amzn.TestCases.LoginTest.loginTestNew(LoginTest.java:45)
... Removed 25 stack frames]]>
    </failure>
  </testcase> <!-- loginTestNew -->
</testsuite> <!-- The Amazon Login Test -->
