<?xml version="1.0" encoding="UTF-8"?>
<testng-results skipped="0" failed="0" ignored="0" total="1" passed="1">
  <reporter-output>
    <line>
      <![CDATA[Info: Bowser is chrome<br>]]>
    </line>
  </reporter-output>
  <suite name="The Amazon suite" duration-ms="11652" started-at="2021-02-20T06:16:39Z" finished-at="2021-02-20T06:16:50Z">
    <groups>
    </groups>
    <test name="The Amazon Login Test" duration-ms="11652" started-at="2021-02-20T06:16:39Z" finished-at="2021-02-20T06:16:50Z">
      <class name="com.amzn.TestCases.LoginTest">
        <test-method status="PASS" signature="fnInit()[pri:0, instance:com.amzn.TestCases.LoginTest@42e26948]" name="fnInit" is-config="true" duration-ms="3978" started-at="2021-02-20T06:16:39Z" finished-at="2021-02-20T06:16:43Z">
          <reporter-output>
            <line>
              <![CDATA[Info: Bowser is chrome<br>]]>
            </line>
          </reporter-output>
        </test-method> <!-- fnInit -->
        <test-method status="PASS" signature="loginTestNew()[pri:0, instance:com.amzn.TestCases.LoginTest@42e26948]" name="loginTestNew" duration-ms="6541" started-at="2021-02-20T06:16:43Z" finished-at="2021-02-20T06:16:49Z">
          <reporter-output>
          </reporter-output>
        </test-method> <!-- loginTestNew -->
        <test-method status="PASS" signature="closeBrowser()[pri:0, instance:com.amzn.TestCases.LoginTest@42e26948]" name="closeBrowser" is-config="true" duration-ms="1080" started-at="2021-02-20T06:16:49Z" finished-at="2021-02-20T06:16:50Z">
          <reporter-output>
          </reporter-output>
        </test-method> <!-- closeBrowser -->
      </class> <!-- com.amzn.TestCases.LoginTest -->
    </test> <!-- The Amazon Login Test -->
  </suite> <!-- The Amazon suite -->
</testng-results>
